Tukisha Self Service App/libraries/mylib/build/outputs/logs/manifest-merger-debug-report.txt
-- Merging decision tree log ---
manifest
ADDED from libraries\mylib\AndroidManifest.xml:3:5-5:16
INJECTED from libraries\mylib\AndroidManifest.xml:3:5-5:16
INJECTED from libraries\mylib\AndroidManifest.xml:3:5-5:16
INJECTED from libraries\mylib\AndroidManifest.xml:3:5-5:16
INJECTED from libraries\mylib\AndroidManifest.xml:3:5-5:16
INJECTED from libraries\mylib\AndroidManifest.xml:3:5-5:16
INJECTED from libraries\mylib\AndroidManifest.xml:3:5-5:16
	package
		ADDED from libraries\mylib\AndroidManifest.xml:3:68-100
		INJECTED from libraries\mylib\AndroidManifest.xml
		INJECTED from libraries\mylib\AndroidManifest.xml
	android:versionName
		ADDED from libraries\mylib\AndroidManifest.xml:3:15-42
		INJECTED from libraries\mylib\AndroidManifest.xml
		INJECTED from libraries\mylib\AndroidManifest.xml
	xmlns:android
		ADDED from libraries\mylib\AndroidManifest.xml:3:101-159
	android:versionCode
		ADDED from libraries\mylib\AndroidManifest.xml:3:43-67
		INJECTED from libraries\mylib\AndroidManifest.xml
		INJECTED from libraries\mylib\AndroidManifest.xml
uses-sdk
INJECTED from libraries\mylib\AndroidManifest.xml reason: use-sdk injection requested
INJECTED from libraries\mylib\AndroidManifest.xml
INJECTED from libraries\mylib\AndroidManifest.xml
	android:minSdkVersion
		INJECTED from libraries\mylib\AndroidManifest.xml
		ADDED from libraries\mylib\AndroidManifest.xml
		INJECTED from libraries\mylib\AndroidManifest.xml